<?xml version="1.0" encoding="UTF-8"?>
<!-- Generated by org.testng.reporters.JUnitXMLReporter -->
<testsuite ignored="0" hostname="LAPTOP-M2QLQSTA" failures="1" tests="1" name="Test" time="19.36" errors="0" timestamp="2022-09-22T11:27:55 IST">
  <testcase classname="com.actitime.testscript.ActiTest" name="checkTitle" time="0.015">
    <failure type="java.lang.AssertionError" message="The following asserts failed:
	expected [Hima] but found [actiTIME - Login]">
      <![CDATA[java.lang.AssertionError: The following asserts failed:
expected [Hima] but found [actiTIME - Login]
at com.actitime.testscript.ActiTest.checkTitle(ActiTest.java:21)
at java.base/java.util.ArrayList.forEach(ArrayList.java:1511)
... Removed 27 stack frames]]>
    </failure>
  </testcase> <!-- checkTitle -->
</testsuite> <!-- Test -->
